mode: atomic
github.com/TikTokTechImmersion/assignment_demo_2023/rpc-server/db.go:30.13,31.44 1 1
github.com/TikTokTechImmersion/assignment_demo_2023/rpc-server/db.go:31.44,33.3 1 1
github.com/TikTokTechImmersion/assignment_demo_2023/rpc-server/db.go:33.8,35.3 1 0
github.com/TikTokTechImmersion/assignment_demo_2023/rpc-server/db.go:38.60,51.25 8 1
github.com/TikTokTechImmersion/assignment_demo_2023/rpc-server/db.go:51.25,52.22 1 0
github.com/TikTokTechImmersion/assignment_demo_2023/rpc-server/db.go:55.2,56.32 2 1
github.com/TikTokTechImmersion/assignment_demo_2023/rpc-server/db.go:56.32,59.26 3 1
github.com/TikTokTechImmersion/assignment_demo_2023/rpc-server/db.go:59.26,60.23 1 0
github.com/TikTokTechImmersion/assignment_demo_2023/rpc-server/db.go:60.23,61.24 1 0
github.com/TikTokTechImmersion/assignment_demo_2023/rpc-server/db.go:63.9,64.9 1 1
github.com/TikTokTechImmersion/assignment_demo_2023/rpc-server/db.go:68.2,68.11 1 1
github.com/TikTokTechImmersion/assignment_demo_2023/rpc-server/handler.go:18.100,20.2 1 0
github.com/TikTokTechImmersion/assignment_demo_2023/rpc-server/handler.go:22.130,32.47 5 5
github.com/TikTokTechImmersion/assignment_demo_2023/rpc-server/handler.go:32.47,36.3 3 1
github.com/TikTokTechImmersion/assignment_demo_2023/rpc-server/handler.go:38.2,40.64 2 4
github.com/TikTokTechImmersion/assignment_demo_2023/rpc-server/handler.go:40.64,44.3 3 1
github.com/TikTokTechImmersion/assignment_demo_2023/rpc-server/handler.go:46.2,47.16 2 3
github.com/TikTokTechImmersion/assignment_demo_2023/rpc-server/handler.go:47.16,48.13 1 0
github.com/TikTokTechImmersion/assignment_demo_2023/rpc-server/handler.go:51.2,52.18 2 3
github.com/TikTokTechImmersion/assignment_demo_2023/rpc-server/handler.go:55.100,57.2 1 0
github.com/TikTokTechImmersion/assignment_demo_2023/rpc-server/handler.go:59.130,67.43 4 11
github.com/TikTokTechImmersion/assignment_demo_2023/rpc-server/handler.go:67.43,69.3 1 10
github.com/TikTokTechImmersion/assignment_demo_2023/rpc-server/handler.go:69.8,71.3 1 1
github.com/TikTokTechImmersion/assignment_demo_2023/rpc-server/handler.go:73.2,74.18 2 11
github.com/TikTokTechImmersion/assignment_demo_2023/rpc-server/handler.go:74.18,76.3 1 9
github.com/TikTokTechImmersion/assignment_demo_2023/rpc-server/handler.go:76.8,78.3 1 2
github.com/TikTokTechImmersion/assignment_demo_2023/rpc-server/handler.go:82.2,85.16 2 11
github.com/TikTokTechImmersion/assignment_demo_2023/rpc-server/handler.go:85.16,86.13 1 0
github.com/TikTokTechImmersion/assignment_demo_2023/rpc-server/handler.go:89.2,89.18 1 11
github.com/TikTokTechImmersion/assignment_demo_2023/rpc-server/handler.go:89.18,95.17 6 19
github.com/TikTokTechImmersion/assignment_demo_2023/rpc-server/handler.go:95.17,96.14 1 0
github.com/TikTokTechImmersion/assignment_demo_2023/rpc-server/handler.go:98.3,99.26 2 19
github.com/TikTokTechImmersion/assignment_demo_2023/rpc-server/handler.go:99.26,101.4 1 0
github.com/TikTokTechImmersion/assignment_demo_2023/rpc-server/handler.go:102.3,110.52 3 19
github.com/TikTokTechImmersion/assignment_demo_2023/rpc-server/handler.go:113.2,118.13 3 11
github.com/TikTokTechImmersion/assignment_demo_2023/rpc-server/handler.go:118.13,122.3 2 2
github.com/TikTokTechImmersion/assignment_demo_2023/rpc-server/handler.go:125.2,126.16 2 11
github.com/TikTokTechImmersion/assignment_demo_2023/rpc-server/handler.go:126.16,127.13 1 0
github.com/TikTokTechImmersion/assignment_demo_2023/rpc-server/handler.go:130.2,132.18 3 11
github.com/TikTokTechImmersion/assignment_demo_2023/rpc-server/main.go:12.13,14.26 2 0
github.com/TikTokTechImmersion/assignment_demo_2023/rpc-server/main.go:14.26,16.3 1 0
github.com/TikTokTechImmersion/assignment_demo_2023/rpc-server/main.go:18.2,24.26 3 0
github.com/TikTokTechImmersion/assignment_demo_2023/rpc-server/main.go:24.26,26.3 1 0
